ROS Distro index file associate with commit '7f2139b4d6bf54f94feca049f1609ab13af67f31'[0m
New ROS Distro index url: 'https://raw.githubusercontent.com/ros/rosdistro/7f2139b4d6bf54f94feca049f1609ab13af67f31/index-v4.yaml'[0m
[1m[32m==> [0m[0mGenerating debs for [36mubuntu:jammy[0m for package(s) ['pr2_apps'][0m[0m
[33mNo historical releaser history, using current maintainer name and email for each versioned changelog entry.[0m
Package 'pr2-apps' has dependencies:[0m
[35mRun Dependencies:[0m[0m
  [22m[4mrosdep key           => jammy key[0m[0m
  [36mpr2_position_scripts [35m=> [36m['ros-one-pr2-position-scripts'][0m[0m
  [36mpr2_teleop_general   [35m=> [36m['ros-one-pr2-teleop-general'][0m[0m
  [36mpr2_tuckarm          [35m=> [36m['ros-one-pr2-tuckarm'][0m[0m
  [36mpr2_app_manager      [35m=> [36m['ros-one-pr2-app-manager'][0m[0m
  [36mpr2_mannequin_mode   [35m=> [36m['ros-one-pr2-mannequin-mode'][0m[0m
  [36mpr2_kinematics       [35m=> [36m['ros-one-pr2-kinematics'][0m[0m
[35mBuild and Build Tool Dependencies:[0m[0m
  [22m[4mrosdep key           => jammy key[0m[0m
  [36mcatkin               [35m=> [36m['catkin', 'libgtest-dev', 'libgmock-dev'][0m[0m
[1m[34m==>[0m Placing templates files in the 'debian' folder.[0m[0m
[1m[34m==>[0m In place processing templates in 'debian' folder.[0m[0m
Expanding 'debian/rules.em' -> 'debian/rules'[0m
Expanding 'debian/compat.em' -> 'debian/compat'[0m
Expanding 'debian/changelog.em' -> 'debian/changelog'[0m
Expanding 'debian/control.em' -> 'debian/control'[0m
Expanding 'debian/copyright.em' -> 'debian/copyright'[0m
Expanding 'debian/source/options.em' -> 'debian/source/options'[0m
Expanding 'debian/source/format.em' -> 'debian/source/format'[0m
