ROS Distro index file associate with commit '7f2139b4d6bf54f94feca049f1609ab13af67f31'[0m
New ROS Distro index url: 'https://raw.githubusercontent.com/ros/rosdistro/7f2139b4d6bf54f94feca049f1609ab13af67f31/index-v4.yaml'[0m
[1m[32m==> [0m[0mGenerating debs for [36mubuntu:jammy[0m for package(s) ['pr2_gazebo'][0m[0m
[33mNo historical releaser history, using current maintainer name and email for each versioned changelog entry.[0m
Package 'pr2-gazebo' has dependencies:[0m
[35mRun Dependencies:[0m[0m
  [22m[4mrosdep key           => jammy key[0m[0m
  [36mpr2_gazebo_plugins   [35m=> [36m['ros-one-pr2-gazebo-plugins'][0m[0m
  [36mgazebo_plugins       [35m=> [36m['ros-one-gazebo-plugins'][0m[0m
  [36mgazebo               [35m=> [36m['gazebo'][0m[0m
  [36mpr2_description      [35m=> [36m['ros-one-pr2-description'][0m[0m
  [36mdiagnostic_aggregator [35m=> [36m['ros-one-diagnostic-aggregator'][0m[0m
  [36mpr2_dashboard_aggregator [35m=> [36m['ros-one-pr2-dashboard-aggregator'][0m[0m
  [36mpr2_controller_configuration_gazebo [35m=> [36m['ros-one-pr2-controller-configuration-gazebo'][0m[0m
  [36mrobot_mechanism_controllers [35m=> [36m['ros-one-robot-mechanism-controllers'][0m[0m
  [36mpr2_mechanism_controllers [35m=> [36m['ros-one-pr2-mechanism-controllers'][0m[0m
  [36mpr2_head_action      [35m=> [36m['ros-one-pr2-head-action'][0m[0m
  [36mjoint_trajectory_action [35m=> [36m['ros-one-joint-trajectory-action'][0m[0m
  [36mrobot_state_publisher [35m=> [36m['ros-one-robot-state-publisher'][0m[0m
  [36mpr2_gripper_action   [35m=> [36m['ros-one-pr2-gripper-action'][0m[0m
  [36msingle_joint_position_action [35m=> [36m['ros-one-single-joint-position-action'][0m[0m
  [36mstereo_image_proc    [35m=> [36m['ros-one-stereo-image-proc'][0m[0m
  [36mimage_proc           [35m=> [36m['ros-one-image-proc'][0m[0m
  [36mrobot_pose_ekf       [35m=> [36m['ros-one-robot-pose-ekf'][0m[0m
  [36mtf2_ros              [35m=> [36m['ros-one-tf2-ros'][0m[0m
  [36mtopic_tools          [35m=> [36m['ros-one-topic-tools'][0m[0m
  [36mxacro                [35m=> [36m['ros-one-xacro'][0m[0m
  [36mpr2_controller_manager [35m=> [36m['ros-one-pr2-controller-manager'][0m[0m
  [36mgazebo_ros           [35m=> [36m['ros-one-gazebo-ros'][0m[0m
  [36mrostopic             [35m=> [36m['ros-one-rostopic'][0m[0m
  [36mpr2_msgs             [35m=> [36m['ros-one-pr2-msgs'][0m[0m
  [36mgeometry_msgs        [35m=> [36m['ros-one-geometry-msgs'][0m[0m
  [36mrospy                [35m=> [36m['ros-one-rospy'][0m[0m
  [36mstd_msgs             [35m=> [36m['ros-one-std-msgs'][0m[0m
  [36mfingertip_pressure   [35m=> [36m['ros-one-fingertip-pressure'][0m[0m
[35mBuild and Build Tool Dependencies:[0m[0m
  [22m[4mrosdep key           => jammy key[0m[0m
  [36mpr2_gazebo_plugins   [35m=> [36m['ros-one-pr2-gazebo-plugins'][0m[0m
  [36mgazebo_plugins       [35m=> [36m['ros-one-gazebo-plugins'][0m[0m
  [36mgazebo               [35m=> [36m['gazebo'][0m[0m
  [36mcatkin               [35m=> [36m['catkin', 'libgtest-dev', 'libgmock-dev'][0m[0m
[1m[34m==>[0m Placing templates files in the 'debian' folder.[0m[0m
[1m[34m==>[0m In place processing templates in 'debian' folder.[0m[0m
Expanding 'debian/rules.em' -> 'debian/rules'[0m
Expanding 'debian/compat.em' -> 'debian/compat'[0m
Expanding 'debian/changelog.em' -> 'debian/changelog'[0m
Expanding 'debian/control.em' -> 'debian/control'[0m
Expanding 'debian/copyright.em' -> 'debian/copyright'[0m
Expanding 'debian/source/options.em' -> 'debian/source/options'[0m
Expanding 'debian/source/format.em' -> 'debian/source/format'[0m
