ROS Distro index file associate with commit 'c8060c60d888de2987192c50cdc077b94eb8a7a5'[0m
New ROS Distro index url: 'https://raw.githubusercontent.com/ros/rosdistro/c8060c60d888de2987192c50cdc077b94eb8a7a5/index-v4.yaml'[0m
[1m[32m==> [0m[0mGenerating debs for [36mubuntu:jammy[0m for package(s) ['pr2_navigation_perception'][0m[0m
[33mNo historical releaser history, using current maintainer name and email for each versioned changelog entry.[0m
Package 'pr2-navigation-perception' has dependencies:[0m
[35mRun Dependencies:[0m[0m
  [22m[4mrosdep key           => jammy key[0m[0m
  [36msemantic_point_annotator [35m=> [36m['ros-one-semantic-point-annotator'][0m[0m
  [36mlaser_filters        [35m=> [36m['ros-one-laser-filters'][0m[0m
  [36mpr2_machine          [35m=> [36m['ros-one-pr2-machine'][0m[0m
  [36mtopic_tools          [35m=> [36m['ros-one-topic-tools'][0m[0m
  [36mpr2_navigation_self_filter [35m=> [36m['ros-one-pr2-navigation-self-filter'][0m[0m
  [36mgeometry_msgs        [35m=> [36m['ros-one-geometry-msgs'][0m[0m
  [36mdynamic_reconfigure  [35m=> [36m['ros-one-dynamic-reconfigure'][0m[0m
  [36msensor_msgs          [35m=> [36m['ros-one-sensor-msgs'][0m[0m
  [36mroscpp               [35m=> [36m['ros-one-roscpp'][0m[0m
  [36mtf                   [35m=> [36m['ros-one-tf'][0m[0m
  [36mfilters              [35m=> [36m['ros-one-filters'][0m[0m
  [36mmessage_filters      [35m=> [36m['ros-one-message-filters'][0m[0m
  [36mlaser_geometry       [35m=> [36m['ros-one-laser-geometry'][0m[0m
  [36mlaser_tilt_controller_filter [35m=> [36m['ros-one-laser-tilt-controller-filter'][0m[0m
  [36mpcl_ros              [35m=> [36m['ros-one-pcl-ros'][0m[0m
[35mBuild and Build Tool Dependencies:[0m[0m
  [22m[4mrosdep key           => jammy key[0m[0m
  [36msemantic_point_annotator [35m=> [36m['ros-one-semantic-point-annotator'][0m[0m
  [36mlaser_filters        [35m=> [36m['ros-one-laser-filters'][0m[0m
  [36mpr2_machine          [35m=> [36m['ros-one-pr2-machine'][0m[0m
  [36mtopic_tools          [35m=> [36m['ros-one-topic-tools'][0m[0m
  [36mpr2_navigation_self_filter [35m=> [36m['ros-one-pr2-navigation-self-filter'][0m[0m
  [36mgeometry_msgs        [35m=> [36m['ros-one-geometry-msgs'][0m[0m
  [36mdynamic_reconfigure  [35m=> [36m['ros-one-dynamic-reconfigure'][0m[0m
  [36msensor_msgs          [35m=> [36m['ros-one-sensor-msgs'][0m[0m
  [36mroscpp               [35m=> [36m['ros-one-roscpp'][0m[0m
  [36mtf                   [35m=> [36m['ros-one-tf'][0m[0m
  [36mfilters              [35m=> [36m['ros-one-filters'][0m[0m
  [36mmessage_filters      [35m=> [36m['ros-one-message-filters'][0m[0m
  [36mlaser_geometry       [35m=> [36m['ros-one-laser-geometry'][0m[0m
  [36mlaser_tilt_controller_filter [35m=> [36m['ros-one-laser-tilt-controller-filter'][0m[0m
  [36mpcl_ros              [35m=> [36m['ros-one-pcl-ros'][0m[0m
  [36mcatkin               [35m=> [36m['catkin', 'libgtest-dev', 'libgmock-dev'][0m[0m
[1m[34m==>[0m Placing templates files in the 'debian' folder.[0m[0m
[1m[34m==>[0m In place processing templates in 'debian' folder.[0m[0m
Expanding 'debian/rules.em' -> 'debian/rules'[0m
Expanding 'debian/compat.em' -> 'debian/compat'[0m
Expanding 'debian/changelog.em' -> 'debian/changelog'[0m
Expanding 'debian/control.em' -> 'debian/control'[0m
Expanding 'debian/copyright.em' -> 'debian/copyright'[0m
Expanding 'debian/source/options.em' -> 'debian/source/options'[0m
Expanding 'debian/source/format.em' -> 'debian/source/format'[0m
