<string>:7: (WARNING/2) Inline emphasis start-string without end-string.
ROS Distro index file associate with commit 'c8060c60d888de2987192c50cdc077b94eb8a7a5'[0m
New ROS Distro index url: 'https://raw.githubusercontent.com/ros/rosdistro/c8060c60d888de2987192c50cdc077b94eb8a7a5/index-v4.yaml'[0m
[1m[32m==> [0m[0mGenerating debs for [36mubuntu:jammy[0m for package(s) ['pr2eus_tutorials'][0m[0m
[33mNo historical releaser history, using current maintainer name and email for each versioned changelog entry.[0m
Package 'pr2eus-tutorials' has dependencies:[0m
[35mRun Dependencies:[0m[0m
  [22m[4mrosdep key           => jammy key[0m[0m
  [36mapp_manager          [35m=> [36m['ros-one-app-manager'][0m[0m
  [36meusurdf              [35m=> [36m['ros-one-eusurdf'][0m[0m
  [36mpr2_gazebo           [35m=> [36m['ros-one-pr2-gazebo'][0m[0m
  [36mpr2eus               [35m=> [36m['ros-one-pr2eus'][0m[0m
  [36mroseus_tutorials     [35m=> [36m['ros-one-roseus-tutorials'][0m[0m
  [36mimage_view2          [35m=> [36m['ros-one-image-view2'][0m[0m
  [36mjsk_pcl_ros          [35m=> [36m['ros-one-jsk-pcl-ros'][0m[0m
  [36mjsk_interactive_marker [35m=> [36m['ros-one-jsk-interactive-marker'][0m[0m
  [36mjsk_recognition_msgs [35m=> [36m['ros-one-jsk-recognition-msgs'][0m[0m
  [36mjsk_rviz_plugins     [35m=> [36m['ros-one-jsk-rviz-plugins'][0m[0m
[35mBuild and Build Tool Dependencies:[0m[0m
  [22m[4mrosdep key           => jammy key[0m[0m
  [36mpr2eus               [35m=> [36m['ros-one-pr2eus'][0m[0m
  [36mcatkin               [35m=> [36m['catkin', 'libgtest-dev', 'libgmock-dev'][0m[0m
[1m[34m==>[0m Placing templates files in the 'debian' folder.[0m[0m
[1m[34m==>[0m In place processing templates in 'debian' folder.[0m[0m
Expanding 'debian/rules.em' -> 'debian/rules'[0m
Expanding 'debian/compat.em' -> 'debian/compat'[0m
Expanding 'debian/changelog.em' -> 'debian/changelog'[0m
Expanding 'debian/control.em' -> 'debian/control'[0m
Expanding 'debian/copyright.em' -> 'debian/copyright'[0m
Expanding 'debian/source/options.em' -> 'debian/source/options'[0m
Expanding 'debian/source/format.em' -> 'debian/source/format'[0m
